[2025-02-05T14:30:34.608+0000] {local_task_job_runner.py:123} INFO - ::group::Pre task execution logs
[2025-02-05T14:30:34.616+0000] {taskinstance.py:2613} INFO - Dependencies all met for dep_context=non-requeueable deps ti=<TaskInstance: etl_que_faire_a_paris.transform_data manual__2025-02-05T14:30:28.304645+00:00 [queued]>
[2025-02-05T14:30:34.621+0000] {taskinstance.py:2613} INFO - Dependencies all met for dep_context=requeueable deps ti=<TaskInstance: etl_que_faire_a_paris.transform_data manual__2025-02-05T14:30:28.304645+00:00 [queued]>
[2025-02-05T14:30:34.642+0000] {taskinstance.py:2866} INFO - Starting attempt 1 of 1
[2025-02-05T14:30:34.653+0000] {taskinstance.py:2889} INFO - Executing <Task(PythonOperator): transform_data> on 2025-02-05 14:30:28.304645+00:00
[2025-02-05T14:30:34.657+0000] {warnings.py:112} WARNING - /home/***/.local/lib/python3.12/site-packages/***/task/task_runner/standard_task_runner.py:70: DeprecationWarning: This process (pid=90) is multi-threaded, use of fork() may lead to deadlocks in the child.
  pid = os.fork()

[2025-02-05T14:30:34.658+0000] {standard_task_runner.py:72} INFO - Started process 92 to run task
[2025-02-05T14:30:34.658+0000] {standard_task_runner.py:104} INFO - Running: ['***', 'tasks', 'run', 'etl_que_faire_a_paris', 'transform_data', 'manual__2025-02-05T14:30:28.304645+00:00', '--job-id', '77', '--raw', '--subdir', 'DAGS_FOLDER/dag_que_faire_a_paris.py', '--cfg-path', '/tmp/tmpzkf_kjay']
[2025-02-05T14:30:34.660+0000] {standard_task_runner.py:105} INFO - Job 77: Subtask transform_data
[2025-02-05T14:30:34.691+0000] {task_command.py:467} INFO - Running <TaskInstance: etl_que_faire_a_paris.transform_data manual__2025-02-05T14:30:28.304645+00:00 [running]> on host b176106a6d6f
[2025-02-05T14:30:34.852+0000] {taskinstance.py:3132} INFO - Exporting env vars: AIRFLOW_CTX_DAG_OWNER='***' AIRFLOW_CTX_DAG_ID='etl_que_faire_a_paris' AIRFLOW_CTX_TASK_ID='transform_data' AIRFLOW_CTX_EXECUTION_DATE='2025-02-05T14:30:28.304645+00:00' AIRFLOW_CTX_TRY_NUMBER='1' AIRFLOW_CTX_DAG_RUN_ID='manual__2025-02-05T14:30:28.304645+00:00'
[2025-02-05T14:30:34.853+0000] {taskinstance.py:731} INFO - ::endgroup::
[2025-02-05T14:30:34.981+0000] {dag_que_faire_a_paris.py:139} INFO - ✅ Transformation completed successfully!
[2025-02-05T14:30:34.982+0000] {python.py:240} INFO - Done. Returned value was: None
[2025-02-05T14:30:34.989+0000] {taskinstance.py:340} INFO - ::group::Post task execution logs
[2025-02-05T14:30:34.989+0000] {taskinstance.py:352} INFO - Marking task as SUCCESS. dag_id=etl_que_faire_a_paris, task_id=transform_data, run_id=manual__2025-02-05T14:30:28.304645+00:00, execution_date=20250205T143028, start_date=20250205T143034, end_date=20250205T143034
[2025-02-05T14:30:35.032+0000] {local_task_job_runner.py:266} INFO - Task exited with return code 0
[2025-02-05T14:30:35.055+0000] {taskinstance.py:3895} INFO - 1 downstream tasks scheduled from follow-on schedule check
[2025-02-05T14:30:35.058+0000] {local_task_job_runner.py:245} INFO - ::endgroup::
