[2025-02-06T15:37:49.798+0000] {local_task_job_runner.py:123} INFO - ::group::Pre task execution logs
[2025-02-06T15:37:49.807+0000] {taskinstance.py:2613} INFO - Dependencies all met for dep_context=non-requeueable deps ti=<TaskInstance: etl_que_faire_a_paris.transform_data manual__2025-02-06T15:37:46.079732+00:00 [queued]>
[2025-02-06T15:37:49.811+0000] {taskinstance.py:2613} INFO - Dependencies all met for dep_context=requeueable deps ti=<TaskInstance: etl_que_faire_a_paris.transform_data manual__2025-02-06T15:37:46.079732+00:00 [queued]>
[2025-02-06T15:37:49.812+0000] {taskinstance.py:2866} INFO - Starting attempt 1 of 1
[2025-02-06T15:37:49.833+0000] {taskinstance.py:2889} INFO - Executing <Task(PythonOperator): transform_data> on 2025-02-06 15:37:46.079732+00:00
[2025-02-06T15:37:49.841+0000] {warnings.py:112} WARNING - /home/***/.local/lib/python3.12/site-packages/***/task/task_runner/standard_task_runner.py:70: DeprecationWarning: This process (pid=8070) is multi-threaded, use of fork() may lead to deadlocks in the child.
  pid = os.fork()

[2025-02-06T15:37:49.842+0000] {standard_task_runner.py:104} INFO - Running: ['***', 'tasks', 'run', 'etl_que_faire_a_paris', 'transform_data', 'manual__2025-02-06T15:37:46.079732+00:00', '--job-id', '112', '--raw', '--subdir', 'DAGS_FOLDER/dag_que_faire_a_paris.py', '--cfg-path', '/tmp/tmphwexarxh']
[2025-02-06T15:37:49.844+0000] {standard_task_runner.py:72} INFO - Started process 8072 to run task
[2025-02-06T15:37:49.844+0000] {standard_task_runner.py:105} INFO - Job 112: Subtask transform_data
[2025-02-06T15:37:49.900+0000] {task_command.py:467} INFO - Running <TaskInstance: etl_que_faire_a_paris.transform_data manual__2025-02-06T15:37:46.079732+00:00 [running]> on host b176106a6d6f
[2025-02-06T15:37:50.082+0000] {taskinstance.py:3132} INFO - Exporting env vars: AIRFLOW_CTX_DAG_OWNER='***' AIRFLOW_CTX_DAG_ID='etl_que_faire_a_paris' AIRFLOW_CTX_TASK_ID='transform_data' AIRFLOW_CTX_EXECUTION_DATE='2025-02-06T15:37:46.079732+00:00' AIRFLOW_CTX_TRY_NUMBER='1' AIRFLOW_CTX_DAG_RUN_ID='manual__2025-02-06T15:37:46.079732+00:00'
[2025-02-06T15:37:50.085+0000] {taskinstance.py:731} INFO - ::endgroup::
[2025-02-06T15:37:50.338+0000] {dag_que_faire_a_paris.py:169} INFO - ✅ Transformation completed successfully!
[2025-02-06T15:37:50.339+0000] {python.py:240} INFO - Done. Returned value was: None
[2025-02-06T15:37:50.351+0000] {taskinstance.py:340} INFO - ::group::Post task execution logs
[2025-02-06T15:37:50.363+0000] {taskinstance.py:352} INFO - Marking task as SUCCESS. dag_id=etl_que_faire_a_paris, task_id=transform_data, run_id=manual__2025-02-06T15:37:46.079732+00:00, execution_date=20250206T153746, start_date=20250206T153749, end_date=20250206T153750
[2025-02-06T15:37:50.388+0000] {local_task_job_runner.py:266} INFO - Task exited with return code 0
[2025-02-06T15:37:50.409+0000] {taskinstance.py:3895} INFO - 1 downstream tasks scheduled from follow-on schedule check
[2025-02-06T15:37:50.413+0000] {local_task_job_runner.py:245} INFO - ::endgroup::
