[2025-02-05T20:38:50.381+0000] {local_task_job_runner.py:123} INFO - ::group::Pre task execution logs
[2025-02-05T20:38:50.392+0000] {taskinstance.py:2613} INFO - Dependencies all met for dep_context=non-requeueable deps ti=<TaskInstance: etl_que_faire_a_paris.extract_data manual__2025-02-05T20:38:49.266465+00:00 [queued]>
[2025-02-05T20:38:50.398+0000] {taskinstance.py:2613} INFO - Dependencies all met for dep_context=requeueable deps ti=<TaskInstance: etl_que_faire_a_paris.extract_data manual__2025-02-05T20:38:49.266465+00:00 [queued]>
[2025-02-05T20:38:50.399+0000] {taskinstance.py:2866} INFO - Starting attempt 1 of 1
[2025-02-05T20:38:50.409+0000] {taskinstance.py:2889} INFO - Executing <Task(PythonOperator): extract_data> on 2025-02-05 20:38:49.266465+00:00
[2025-02-05T20:38:50.415+0000] {warnings.py:112} WARNING - /home/***/.local/lib/python3.12/site-packages/***/task/task_runner/standard_task_runner.py:70: DeprecationWarning: This process (pid=2705) is multi-threaded, use of fork() may lead to deadlocks in the child.
  pid = os.fork()

[2025-02-05T20:38:50.416+0000] {standard_task_runner.py:104} INFO - Running: ['***', 'tasks', 'run', 'etl_que_faire_a_paris', 'extract_data', 'manual__2025-02-05T20:38:49.266465+00:00', '--job-id', '90', '--raw', '--subdir', 'DAGS_FOLDER/dag_que_faire_a_paris.py', '--cfg-path', '/tmp/tmpn5w30560']
[2025-02-05T20:38:50.419+0000] {standard_task_runner.py:72} INFO - Started process 2707 to run task
[2025-02-05T20:38:50.419+0000] {standard_task_runner.py:105} INFO - Job 90: Subtask extract_data
[2025-02-05T20:38:50.451+0000] {task_command.py:467} INFO - Running <TaskInstance: etl_que_faire_a_paris.extract_data manual__2025-02-05T20:38:49.266465+00:00 [running]> on host b176106a6d6f
[2025-02-05T20:38:50.705+0000] {taskinstance.py:3132} INFO - Exporting env vars: AIRFLOW_CTX_DAG_OWNER='***' AIRFLOW_CTX_DAG_ID='etl_que_faire_a_paris' AIRFLOW_CTX_TASK_ID='extract_data' AIRFLOW_CTX_EXECUTION_DATE='2025-02-05T20:38:49.266465+00:00' AIRFLOW_CTX_TRY_NUMBER='1' AIRFLOW_CTX_DAG_RUN_ID='manual__2025-02-05T20:38:49.266465+00:00'
[2025-02-05T20:38:50.706+0000] {taskinstance.py:731} INFO - ::endgroup::
[2025-02-05T20:38:51.266+0000] {dag_que_faire_a_paris.py:40} INFO - ✅ Extraction completed successfully!
[2025-02-05T20:38:51.270+0000] {python.py:240} INFO - Done. Returned value was: None
[2025-02-05T20:38:51.279+0000] {taskinstance.py:340} INFO - ::group::Post task execution logs
[2025-02-05T20:38:51.280+0000] {taskinstance.py:352} INFO - Marking task as SUCCESS. dag_id=etl_que_faire_a_paris, task_id=extract_data, run_id=manual__2025-02-05T20:38:49.266465+00:00, execution_date=20250205T203849, start_date=20250205T203850, end_date=20250205T203851
[2025-02-05T20:38:51.317+0000] {local_task_job_runner.py:266} INFO - Task exited with return code 0
[2025-02-05T20:38:51.338+0000] {taskinstance.py:3895} INFO - 1 downstream tasks scheduled from follow-on schedule check
[2025-02-05T20:38:51.343+0000] {local_task_job_runner.py:245} INFO - ::endgroup::
