[2025-02-07T07:15:05.485+0000] {local_task_job_runner.py:123} INFO - ::group::Pre task execution logs
[2025-02-07T07:15:05.518+0000] {taskinstance.py:2613} INFO - Dependencies all met for dep_context=non-requeueable deps ti=<TaskInstance: etl_que_faire_a_paris.load_data scheduled__2025-02-06T00:00:00+00:00 [queued]>
[2025-02-07T07:15:05.539+0000] {taskinstance.py:2613} INFO - Dependencies all met for dep_context=requeueable deps ti=<TaskInstance: etl_que_faire_a_paris.load_data scheduled__2025-02-06T00:00:00+00:00 [queued]>
[2025-02-07T07:15:05.541+0000] {taskinstance.py:2866} INFO - Starting attempt 1 of 1
[2025-02-07T07:15:05.552+0000] {taskinstance.py:2889} INFO - Executing <Task(PythonOperator): load_data> on 2025-02-06 00:00:00+00:00
[2025-02-07T07:15:05.557+0000] {warnings.py:112} WARNING - /home/***/.local/lib/python3.12/site-packages/***/task/task_runner/standard_task_runner.py:70: DeprecationWarning: This process (pid=10679) is multi-threaded, use of fork() may lead to deadlocks in the child.
  pid = os.fork()

[2025-02-07T07:15:05.559+0000] {standard_task_runner.py:72} INFO - Started process 10681 to run task
[2025-02-07T07:15:05.558+0000] {standard_task_runner.py:104} INFO - Running: ['***', 'tasks', 'run', 'etl_que_faire_a_paris', 'load_data', 'scheduled__2025-02-06T00:00:00+00:00', '--job-id', '119', '--raw', '--subdir', 'DAGS_FOLDER/dag_que_faire_a_paris.py', '--cfg-path', '/tmp/tmppvuzk4gc']
[2025-02-07T07:15:05.568+0000] {standard_task_runner.py:105} INFO - Job 119: Subtask load_data
[2025-02-07T07:15:05.605+0000] {task_command.py:467} INFO - Running <TaskInstance: etl_que_faire_a_paris.load_data scheduled__2025-02-06T00:00:00+00:00 [running]> on host b176106a6d6f
[2025-02-07T07:15:05.784+0000] {taskinstance.py:3132} INFO - Exporting env vars: AIRFLOW_CTX_DAG_OWNER='***' AIRFLOW_CTX_DAG_ID='etl_que_faire_a_paris' AIRFLOW_CTX_TASK_ID='load_data' AIRFLOW_CTX_EXECUTION_DATE='2025-02-06T00:00:00+00:00' AIRFLOW_CTX_TRY_NUMBER='1' AIRFLOW_CTX_DAG_RUN_ID='scheduled__2025-02-06T00:00:00+00:00'
[2025-02-07T07:15:05.798+0000] {taskinstance.py:731} INFO - ::endgroup::
[2025-02-07T07:15:05.825+0000] {base.py:84} INFO - Retrieving connection 'postgres_default'
[2025-02-07T07:15:08.511+0000] {dag_que_faire_a_paris.py:185} INFO - ✅ Loading completed successfully!
[2025-02-07T07:15:08.512+0000] {python.py:240} INFO - Done. Returned value was: None
[2025-02-07T07:15:08.518+0000] {taskinstance.py:340} INFO - ::group::Post task execution logs
[2025-02-07T07:15:08.518+0000] {taskinstance.py:352} INFO - Marking task as SUCCESS. dag_id=etl_que_faire_a_paris, task_id=load_data, run_id=scheduled__2025-02-06T00:00:00+00:00, execution_date=20250206T000000, start_date=20250207T071505, end_date=20250207T071508
[2025-02-07T07:15:08.554+0000] {local_task_job_runner.py:266} INFO - Task exited with return code 0
[2025-02-07T07:15:08.563+0000] {taskinstance.py:3895} INFO - 0 downstream tasks scheduled from follow-on schedule check
[2025-02-07T07:15:08.566+0000] {local_task_job_runner.py:245} INFO - ::endgroup::
