[2025-02-06T15:25:45.290+0000] {local_task_job_runner.py:123} INFO - ::group::Pre task execution logs
[2025-02-06T15:25:45.303+0000] {taskinstance.py:2613} INFO - Dependencies all met for dep_context=non-requeueable deps ti=<TaskInstance: etl_que_faire_a_paris.transform_data manual__2025-02-06T15:25:42.487861+00:00 [queued]>
[2025-02-06T15:25:45.309+0000] {taskinstance.py:2613} INFO - Dependencies all met for dep_context=requeueable deps ti=<TaskInstance: etl_que_faire_a_paris.transform_data manual__2025-02-06T15:25:42.487861+00:00 [queued]>
[2025-02-06T15:25:45.309+0000] {taskinstance.py:2866} INFO - Starting attempt 1 of 1
[2025-02-06T15:25:45.319+0000] {taskinstance.py:2889} INFO - Executing <Task(PythonOperator): transform_data> on 2025-02-06 15:25:42.487861+00:00
[2025-02-06T15:25:45.324+0000] {warnings.py:112} WARNING - /home/***/.local/lib/python3.12/site-packages/***/task/task_runner/standard_task_runner.py:70: DeprecationWarning: This process (pid=7886) is multi-threaded, use of fork() may lead to deadlocks in the child.
  pid = os.fork()

[2025-02-06T15:25:45.325+0000] {standard_task_runner.py:72} INFO - Started process 7888 to run task
[2025-02-06T15:25:45.325+0000] {standard_task_runner.py:104} INFO - Running: ['***', 'tasks', 'run', 'etl_que_faire_a_paris', 'transform_data', 'manual__2025-02-06T15:25:42.487861+00:00', '--job-id', '106', '--raw', '--subdir', 'DAGS_FOLDER/dag_que_faire_a_paris.py', '--cfg-path', '/tmp/tmppkvf2wrd']
[2025-02-06T15:25:45.326+0000] {standard_task_runner.py:105} INFO - Job 106: Subtask transform_data
[2025-02-06T15:25:45.352+0000] {task_command.py:467} INFO - Running <TaskInstance: etl_que_faire_a_paris.transform_data manual__2025-02-06T15:25:42.487861+00:00 [running]> on host b176106a6d6f
[2025-02-06T15:25:45.497+0000] {taskinstance.py:3132} INFO - Exporting env vars: AIRFLOW_CTX_DAG_OWNER='***' AIRFLOW_CTX_DAG_ID='etl_que_faire_a_paris' AIRFLOW_CTX_TASK_ID='transform_data' AIRFLOW_CTX_EXECUTION_DATE='2025-02-06T15:25:42.487861+00:00' AIRFLOW_CTX_TRY_NUMBER='1' AIRFLOW_CTX_DAG_RUN_ID='manual__2025-02-06T15:25:42.487861+00:00'
[2025-02-06T15:25:45.498+0000] {taskinstance.py:731} INFO - ::endgroup::
[2025-02-06T15:25:45.702+0000] {dag_que_faire_a_paris.py:169} INFO - ✅ Transformation completed successfully!
[2025-02-06T15:25:45.703+0000] {python.py:240} INFO - Done. Returned value was: None
[2025-02-06T15:25:45.709+0000] {taskinstance.py:340} INFO - ::group::Post task execution logs
[2025-02-06T15:25:45.710+0000] {taskinstance.py:352} INFO - Marking task as SUCCESS. dag_id=etl_que_faire_a_paris, task_id=transform_data, run_id=manual__2025-02-06T15:25:42.487861+00:00, execution_date=20250206T152542, start_date=20250206T152545, end_date=20250206T152545
[2025-02-06T15:25:45.740+0000] {local_task_job_runner.py:266} INFO - Task exited with return code 0
[2025-02-06T15:25:45.756+0000] {taskinstance.py:3895} INFO - 1 downstream tasks scheduled from follow-on schedule check
[2025-02-06T15:25:45.760+0000] {local_task_job_runner.py:245} INFO - ::endgroup::
