[2025-02-05T06:50:47.489+0000] {local_task_job_runner.py:123} INFO - ::group::Pre task execution logs
[2025-02-05T06:50:47.499+0000] {taskinstance.py:2613} INFO - Dependencies all met for dep_context=non-requeueable deps ti=<TaskInstance: etl_que_faire_a_paris.transform_data scheduled__2025-02-04T00:00:00+00:00 [queued]>
[2025-02-05T06:50:47.505+0000] {taskinstance.py:2613} INFO - Dependencies all met for dep_context=requeueable deps ti=<TaskInstance: etl_que_faire_a_paris.transform_data scheduled__2025-02-04T00:00:00+00:00 [queued]>
[2025-02-05T06:50:47.505+0000] {taskinstance.py:2866} INFO - Starting attempt 1 of 1
[2025-02-05T06:50:47.514+0000] {taskinstance.py:2889} INFO - Executing <Task(PythonOperator): transform_data> on 2025-02-04 00:00:00+00:00
[2025-02-05T06:50:47.518+0000] {warnings.py:112} WARNING - /home/***/.local/lib/python3.12/site-packages/***/task/task_runner/standard_task_runner.py:70: DeprecationWarning: This process (pid=639) is multi-threaded, use of fork() may lead to deadlocks in the child.
  pid = os.fork()

[2025-02-05T06:50:47.520+0000] {standard_task_runner.py:72} INFO - Started process 641 to run task
[2025-02-05T06:50:47.520+0000] {standard_task_runner.py:104} INFO - Running: ['***', 'tasks', 'run', 'etl_que_faire_a_paris', 'transform_data', 'scheduled__2025-02-04T00:00:00+00:00', '--job-id', '67', '--raw', '--subdir', 'DAGS_FOLDER/dag_que_faire_a_paris.py', '--cfg-path', '/tmp/tmpv4lodxm3']
[2025-02-05T06:50:47.521+0000] {standard_task_runner.py:105} INFO - Job 67: Subtask transform_data
[2025-02-05T06:50:47.550+0000] {task_command.py:467} INFO - Running <TaskInstance: etl_que_faire_a_paris.transform_data scheduled__2025-02-04T00:00:00+00:00 [running]> on host d79180ab324d
[2025-02-05T06:50:47.686+0000] {taskinstance.py:3132} INFO - Exporting env vars: AIRFLOW_CTX_DAG_OWNER='***' AIRFLOW_CTX_DAG_ID='etl_que_faire_a_paris' AIRFLOW_CTX_TASK_ID='transform_data' AIRFLOW_CTX_EXECUTION_DATE='2025-02-04T00:00:00+00:00' AIRFLOW_CTX_TRY_NUMBER='1' AIRFLOW_CTX_DAG_RUN_ID='scheduled__2025-02-04T00:00:00+00:00'
[2025-02-05T06:50:47.687+0000] {taskinstance.py:731} INFO - ::endgroup::
[2025-02-05T06:50:47.795+0000] {dag_que_faire_a_paris.py:127} INFO - ✅ Transformation completed successfully!
[2025-02-05T06:50:47.796+0000] {python.py:240} INFO - Done. Returned value was: None
[2025-02-05T06:50:47.803+0000] {taskinstance.py:340} INFO - ::group::Post task execution logs
[2025-02-05T06:50:47.804+0000] {taskinstance.py:352} INFO - Marking task as SUCCESS. dag_id=etl_que_faire_a_paris, task_id=transform_data, run_id=scheduled__2025-02-04T00:00:00+00:00, execution_date=20250204T000000, start_date=20250205T065047, end_date=20250205T065047
[2025-02-05T06:50:47.854+0000] {local_task_job_runner.py:266} INFO - Task exited with return code 0
[2025-02-05T06:50:47.865+0000] {taskinstance.py:3895} INFO - 1 downstream tasks scheduled from follow-on schedule check
[2025-02-05T06:50:47.868+0000] {local_task_job_runner.py:245} INFO - ::endgroup::
